ISim log file
Running: C:\usr\jca\FEUP\FEUP\Aulas\2022-2023\ProjetoSistemasDigitais\AulasPL\Lab2\PSD2122-LAB2\impl\psddiv\psddiv\s6base_tb_isim_par.exe -intstyle ise -gui -tclbatch isim.cmd -wdb C:/usr/jca/FEUP/FEUP/Aulas/2022-2023/ProjetoSistemasDigitais/AulasPL/Lab2/PSD2122-LAB2/impl/psddiv/psddiv/s6base_tb_isim_par.wdb 
ISim P.68d (signature 0x7708f090)
----------------------------------------------------------------------
INFO:Security:50 - The XILINXD_LICENSE_FILE environment variable is set to '2100@giotto.fe.up.pt'.
INFO:Security:52 - The LM_LICENSE_FILE environment variable is set to '1717@giotto.fe.up.pt'.
WARNING:Security:43 - No license file was found in the standard Xilinx license directory.
WARNING:Security:44 - Since no license file was found,
       please run the Xilinx License Configuration Manager
       (xlcm or "Manage Xilinx Licenses")
       to assist in obtaining a license.
WARNING:Security:42 - Your software subscription period has lapsed. Your current version of Xilinx tools will continue to function, but you no longer qualify for Xilinx software updates or new releases.


----------------------------------------------------------------------
This is a Full version of ISim.
Time resolution is 1 ps
# onerror resume
# wave add /
# run 1000 ns
Simulator is doing circuit initialization process.
INFO: SDF backannotation was successful with SDF file netgen/par/s6base_top_timesim.sdf, for root module /s6base_tb/s6base_top_1/.
Finished circuit initialization process.
Starting verification...
# run all
Passed initial verification.
Simulating          50 random integers...
